<?xml version='1.0' encoding='UTF-8'?>
<testsuite hostname="mstr-aj-latitude-e5530-non-vpro" name="riscv.instMemtest" tests="1" errors="0" failures="0" skipped="0" time="4.027" timestamp="2023-03-07T15:55:43">
          <properties>
      <property name="java.specification.version" value="18"/><property name="sun.jnu.encoding" value="UTF-8"/><property name="sun.arch.data.model" value="64"/><property name="java.vendor.url" value="Unknown"/><property name="sun.boot.library.path" value="/usr/lib/jvm/java-18-openjdk-amd64/lib"/><property name="sun.java.command" value="/home/amir/.cache/sbt/boot/sbt-launch/1.8.2/sbt-launch-1.8.2.jar"/><property name="jdk.debug" value="release"/><property name="sun.stderr.encoding" value="UTF-8"/><property name="java.specification.vendor" value="Oracle Corporation"/><property name="java.version.date" value="2022-07-19"/><property name="java.home" value="/usr/lib/jvm/java-18-openjdk-amd64"/><property name="file.separator" value="/"/><property name="java.vm.compressedOopsMode" value="32-bit"/><property name="line.separator" value="
"/><property name="sun.stdout.encoding" value="UTF-8"/><property name="java.vm.specification.vendor" value="Oracle Corporation"/><property name="java.specification.name" value="Java Platform API Specification"/><property name="sun.management.compiler" value="HotSpot 64-Bit Tiered Compilers"/><property name="java.runtime.version" value="18.0.2-ea+9-Ubuntu-222.04"/><property name="user.name" value="amir"/><property name="log4j.ignoreTCL" value="true"/><property name="file.encoding" value="UTF-8"/><property name="jnidispatch.path" value="/home/amir/.cache/JNA/temp/jna12525369191079223464.tmp"/><property name="jna.loaded" value="true"/><property name="java.io.tmpdir" value="/tmp"/><property name="java.version" value="18.0.2-ea"/><property name="java.vm.specification.name" value="Java Virtual Machine Specification"/><property name="native.encoding" value="UTF-8"/><property name="java.library.path" value="/usr/java/packages/lib:/usr/lib/x86_64-linux-gnu/jni:/lib/x86_64-linux-gnu:/usr/lib/x86_64-linux-gnu:/usr/lib/jni:/lib:/usr/lib"/><property name="java.vendor" value="Private Build"/><property name="scala.ext.dirs" value="/home/amir/.sbt/1.0/java9-rt-ext-private_build_18_0_2_ea"/><property name="sun.io.unicode.encoding" value="UnicodeLittle"/><property name="java.class.path" value="/home/amir/.cache/sbt/boot/sbt-launch/1.8.2/sbt-launch-1.8.2.jar"/><property name="java.vm.vendor" value="Private Build"/><property name="jline.shutdownhook" value="false"/><property name="user.timezone" value="Asia/Karachi"/><property name="java.vm.specification.version" value="18"/><property name="os.name" value="Linux"/><property name="sun.java.launcher" value="SUN_STANDARD"/><property name="user.country" value="US"/><property name="sun.cpu.endian" value="little"/><property name="user.home" value="/home/amir"/><property name="user.language" value="en"/><property name="sbt.script" value="/usr/bin/sbt"/><property name="sbt.ipcsocket.tmpdir" value="/run/user/1000/.sbta04df07b/ipcsocket"/><property name="swoval.tmpdir" value="/run/user/1000/.sbta04df07b/swoval"/><property name="jline.esc.timeout" value="0"/><property name="path.separator" value=":"/><property name="os.version" value="5.19.0-35-generic"/><property name="jna.nosys" value="true"/><property name="java.runtime.name" value="OpenJDK Runtime Environment"/><property name="java.vm.name" value="OpenJDK 64-Bit Server VM"/><property name="jna.platform.library.path" value="/usr/lib/x86_64-linux-gnu:/lib/x86_64-linux-gnu:/usr/lib64:/lib64:/usr/lib:/lib"/><property name="java.vendor.url.bug" value="Unknown"/><property name="user.dir" value="/home/amir/my-work/Scala-Chisel-Learning-Journey"/><property name="os.arch" value="amd64"/><property name="java.vm.info" value="mixed mode, sharing"/><property name="java.vm.version" value="18.0.2-ea+9-Ubuntu-222.04"/><property name="java.class.version" value="62.0"/>
    </properties>
          <testcase classname="riscv.instMemtest" name="inst" time="4.027">
                      
                    </testcase>
          <system-out><![CDATA[]]></system-out>
          <system-err><![CDATA[]]></system-err>
        </testsuite>